<?xml version="1.0" encoding="UTF-8"?>
<!-- Generated by org.testng.reporters.JUnitXMLReporter -->
<testsuite ignored="0" hostname="sithsabesh-desktop" failures="0" tests="4" name="Default test" time="0.064" errors="0" timestamp="2022-07-08T19:31:15 IST">
  <testcase classname="testNGPractice.basic" name="firstTestCase" time="0.008"/>
  <testcase classname="testNGPractice.basic" name="fourthTestCase" time="0.001"/>
  <testcase classname="testNGPractice.basic" name="secondTestCase" time="0.002"/>
  <testcase classname="testNGPractice.basic" name="thirdTestCase" time="0.001"/>
</testsuite> <!-- Default test -->
