<?xml version="1.0" encoding="UTF-8"?>
<testng-results ignored="0" total="4" passed="4" failed="0" skipped="0">
  <reporter-output>
  </reporter-output>
  <suite started-at="2022-07-08T19:31:14 IST" name="Default suite" finished-at="2022-07-08T19:31:14 IST" duration-ms="64">
    <groups>
    </groups>
    <test started-at="2022-07-08T19:31:14 IST" name="Default test" finished-at="2022-07-08T19:31:14 IST" duration-ms="64">
      <class name="testNGPractice.basic">
        <test-method signature="firstTestCase()[pri:0, instance:testNGPractice.basic@36d585c]" started-at="2022-07-08T19:31:14 IST" name="firstTestCase" finished-at="2022-07-08T19:31:14 IST" duration-ms="8" status="PASS">
          <reporter-output>
          </reporter-output>
        </test-method> <!-- firstTestCase -->
        <test-method signature="fourthTestCase()[pri:0, instance:testNGPractice.basic@36d585c]" started-at="2022-07-08T19:31:14 IST" name="fourthTestCase" finished-at="2022-07-08T19:31:14 IST" duration-ms="1" status="PASS">
          <reporter-output>
          </reporter-output>
        </test-method> <!-- fourthTestCase -->
        <test-method signature="secondTestCase()[pri:0, instance:testNGPractice.basic@36d585c]" started-at="2022-07-08T19:31:14 IST" name="secondTestCase" finished-at="2022-07-08T19:31:14 IST" duration-ms="2" status="PASS">
          <reporter-output>
          </reporter-output>
        </test-method> <!-- secondTestCase -->
        <test-method signature="thirdTestCase()[pri:0, instance:testNGPractice.basic@36d585c]" started-at="2022-07-08T19:31:14 IST" name="thirdTestCase" finished-at="2022-07-08T19:31:14 IST" duration-ms="1" status="PASS">
          <reporter-output>
          </reporter-output>
        </test-method> <!-- thirdTestCase -->
      </class> <!-- testNGPractice.basic -->
    </test> <!-- Default test -->
  </suite> <!-- Default suite -->
</testng-results>
